# JRE version: Java(TM) SE Runtime Environment (8.0_66-b18) (build 1.8.0_66-b18)
# Java VM: Java HotSpot(TM) 64-Bit Server VM (25.66-b18 mixed mode windows-amd64 compressed oops)
Heap:
 PSYoungGen      total 18944K, used 2839K [0x00000000eb400000, 0x00000000ec900000, 0x0000000100000000)
  eden space 16384K, 5% used [0x00000000eb400000,0x00000000eb4e6798,0x00000000ec400000)
  from space 2560K, 74% used [0x00000000ec680000,0x00000000ec85f780,0x00000000ec900000)
  to   space 2560K, 0% used [0x00000000ec400000,0x00000000ec400000,0x00000000ec680000)
 ParOldGen       total 44032K, used 19543K [0x00000000c1c00000, 0x00000000c4700000, 0x00000000eb400000)
  object space 44032K, 44% used [0x00000000c1c00000,0x00000000c2f15d10,0x00000000c4700000)
 Metaspace       used 12629K, capacity 12812K, committed 12928K, reserved 1060864K
  class space    used 1580K, capacity 1640K, committed 1664K, reserved 1048576K
GC Heap History (4 events):
Event: 16.243 GC heap before
{Heap before GC invocations=1 (full 0):
 PSYoungGen      total 18944K, used 16384K [0x00000000eb400000, 0x00000000ec900000, 0x0000000100000000)
  eden space 16384K, 100% used [0x00000000eb400000,0x00000000ec400000,0x00000000ec400000)
  from space 2560K, 0% used [0x00000000ec680000,0x00000000ec680000,0x00000000ec900000)
  to   space 2560K, 0% used [0x00000000ec400000,0x00000000ec400000,0x00000000ec680000)
 ParOldGen       total 44032K, used 19519K [0x00000000c1c00000, 0x00000000c4700000, 0x00000000eb400000)
  object space 44032K, 44% used [0x00000000c1c00000,0x00000000c2f0fd10,0x00000000c4700000)
 Metaspace       used 12467K, capacity 12620K, committed 12672K, reserved 1060864K
  class space    used 1577K, capacity 1640K, committed 1664K, reserved 1048576K
Event: 16.246 GC heap after
Heap after GC invocations=1 (full 0):
 PSYoungGen      total 18944K, used 2135K [0x00000000eb400000, 0x00000000ec900000, 0x0000000100000000)
  eden space 16384K, 0% used [0x00000000eb400000,0x00000000eb400000,0x00000000ec400000)
  from space 2560K, 83% used [0x00000000ec400000,0x00000000ec615d10,0x00000000ec680000)
  to   space 2560K, 0% used [0x00000000ec680000,0x00000000ec680000,0x00000000ec900000)
 ParOldGen       total 44032K, used 19535K [0x00000000c1c00000, 0x00000000c4700000, 0x00000000eb400000)
  object space 44032K, 44% used [0x00000000c1c00000,0x00000000c2f13d10,0x00000000c4700000)
 Metaspace       used 12467K, capacity 12620K, committed 12672K, reserved 1060864K
  class space    used 1577K, capacity 1640K, committed 1664K, reserved 1048576K
}
Event: 27.430 GC heap before
{Heap before GC invocations=2 (full 0):
 PSYoungGen      total 18944K, used 18519K [0x00000000eb400000, 0x00000000ec900000, 0x0000000100000000)
  eden space 16384K, 100% used [0x00000000eb400000,0x00000000ec400000,0x00000000ec400000)
  from space 2560K, 83% used [0x00000000ec400000,0x00000000ec615d10,0x00000000ec680000)
  to   space 2560K, 0% used [0x00000000ec680000,0x00000000ec680000,0x00000000ec900000)
 ParOldGen       total 44032K, used 19535K [0x00000000c1c00000, 0x00000000c4700000, 0x00000000eb400000)
  object space 44032K, 44% used [0x00000000c1c00000,0x00000000c2f13d10,0x00000000c4700000)
 Metaspace       used 12595K, capacity 12748K, committed 12928K, reserved 1060864K
  class space    used 1580K, capacity 1640K, committed 1664K, reserved 1048576K
Event: 27.432 GC heap after
Heap after GC invocations=2 (full 0):
 PSYoungGen      total 18944K, used 1917K [0x00000000eb400000, 0x00000000ec900000, 0x0000000100000000)
  eden space 16384K, 0% used [0x00000000eb400000,0x00000000eb400000,0x00000000ec400000)
  from space 2560K, 74% used [0x00000000ec680000,0x00000000ec85f780,0x00000000ec900000)
  to   space 2560K, 0% used [0x00000000ec400000,0x00000000ec400000,0x00000000ec680000)
 ParOldGen       total 44032K, used 19543K [0x00000000c1c00000, 0x00000000c4700000, 0x00000000eb400000)
  object space 44032K, 44% used [0x00000000c1c00000,0x00000000c2f15d10,0x00000000c4700000)
 Metaspace       used 12595K, capacity 12748K, committed 12928K, reserved 1060864K
  class space    used 1580K, capacity 1640K, committed 1664K, reserved 1048576K
}

